<<<<<<< HEAD

=======
<<<<<<< HEAD
[1013/125328.409:ERROR:directory_reader_win.cc(43)] FindFirstFile: Le chemin dï¿½accï¿½s spï¿½cifiï¿½ est introuvable. (0x3)
[1014/123854.685:ERROR:directory_reader_win.cc(43)] FindFirstFile: Le chemin dï¿½accï¿½s spï¿½cifiï¿½ est introuvable. (0x3)
[1014/141706.678:ERROR:filesystem_win.cc(129)] GetFileAttributes C:\Users\nassi\AppData\Local\Google\Chrome\User Data\Crashpad\attachments\3145cbb2-4619-43bf-a431-1a9cb4588701: Le chemin dï¿½accï¿½s spï¿½cifiï¿½ est introuvable. (0x3)
[1014/152317.815:ERROR:directory_reader_win.cc(43)] FindFirstFile: Le chemin dï¿½accï¿½s spï¿½cifiï¿½ est introuvable. (0x3)
[1014/181641.872:ERROR:directory_reader_win.cc(43)] FindFirstFile: Le chemin dï¿½accï¿½s spï¿½cifiï¿½ est introuvable. (0x3)
[1015/125034.093:ERROR:directory_reader_win.cc(43)] FindFirstFile: Le chemin dï¿½accï¿½s spï¿½cifiï¿½ est introuvable. (0x3)
[1016/205516.487:ERROR:directory_reader_win.cc(43)] FindFirstFile: Le chemin dï¿½accï¿½s spï¿½cifiï¿½ est introuvable. (0x3)
[1016/223314.535:ERROR:directory_reader_win.cc(43)] FindFirstFile: Le chemin dï¿½accï¿½s spï¿½cifiï¿½ est introuvable. (0x3)
[1018/171216.601:ERROR:directory_reader_win.cc(43)] FindFirstFile: Le chemin dï¿½accï¿½s spï¿½cifiï¿½ est introuvable. (0x3)
[1019/172547.824:ERROR:directory_reader_win.cc(43)] FindFirstFile: Le chemin dï¿½accï¿½s spï¿½cifiï¿½ est introuvable. (0x3)
[1022/194034.953:ERROR:directory_reader_win.cc(43)] FindFirstFile: Le chemin dï¿½accï¿½s spï¿½cifiï¿½ est introuvable. (0x3)
[1022/210907.581:ERROR:process_info.cc(359)] UncheckedAllocate
[1022/210907.608:ERROR:filesystem_win.cc(129)] GetFileAttributes C:\Users\nassi\AppData\Local\Google\Chrome\User Data\Crashpad\attachments\eb21fb90-6633-456b-a8f1-84fb9c7ca9bc: Le chemin dï¿½accï¿½s spï¿½cifiï¿½ est introuvable. (0x3)
[1023/213812.012:ERROR:directory_reader_win.cc(43)] FindFirstFile: Le chemin dï¿½accï¿½s spï¿½cifiï¿½ est introuvable. (0x3)
[1024/122820.649:ERROR:directory_reader_win.cc(43)] FindFirstFile: Le chemin dï¿½accï¿½s spï¿½cifiï¿½ est introuvable. (0x3)
[1024/210457.102:ERROR:directory_reader_win.cc(43)] FindFirstFile: Le chemin dï¿½accï¿½s spï¿½cifiï¿½ est introuvable. (0x3)
[1025/113518.890:ERROR:directory_reader_win.cc(43)] FindFirstFile: Le chemin dï¿½accï¿½s spï¿½cifiï¿½ est introuvable. (0x3)
[1025/184544.874:ERROR:directory_reader_win.cc(43)] FindFirstFile: Le chemin dï¿½accï¿½s spï¿½cifiï¿½ est introuvable. (0x3)
[1025/214539.616:ERROR:directory_reader_win.cc(43)] FindFirstFile: Le chemin dï¿½accï¿½s spï¿½cifiï¿½ est introuvable. (0x3)
[1026/123924.072:ERROR:directory_reader_win.cc(43)] FindFirstFile: Le chemin dï¿½accï¿½s spï¿½cifiï¿½ est introuvable. (0x3)
[1026/212928.401:ERROR:directory_reader_win.cc(43)] FindFirstFile: Le chemin dï¿½accï¿½s spï¿½cifiï¿½ est introuvable. (0x3)
[1027/220555.634:ERROR:directory_reader_win.cc(43)] FindFirstFile: Le chemin dï¿½accï¿½s spï¿½cifiï¿½ est introuvable. (0x3)
[1027/231352.228:ERROR:directory_reader_win.cc(43)] FindFirstFile: Le chemin dï¿½accï¿½s spï¿½cifiï¿½ est introuvable. (0x3)
[1028/123148.898:ERROR:directory_reader_win.cc(43)] FindFirstFile: Le chemin dï¿½accï¿½s spï¿½cifiï¿½ est introuvable. (0x3)
[1029/145513.983:ERROR:directory_reader_win.cc(43)] FindFirstFile: Le chemin dï¿½accï¿½s spï¿½cifiï¿½ est introuvable. (0x3)
=======
<<<<<<< HEAD
[1101/203119.907:ERROR:directory_reader_win.cc(43)] FindFirstFile: Le chemin d’accès spécifié est introuvable. (0x3)
[1102/133408.103:ERROR:directory_reader_win.cc(43)] FindFirstFile: Le chemin d’accès spécifié est introuvable. (0x3)
[1103/013559.007:ERROR:directory_reader_win.cc(43)] FindFirstFile: Le chemin d’accès spécifié est introuvable. (0x3)
[1103/024731.756:ERROR:directory_reader_win.cc(43)] FindFirstFile: Le chemin d’accès spécifié est introuvable. (0x3)
[1103/041606.177:ERROR:directory_reader_win.cc(43)] FindFirstFile: Le chemin d’accès spécifié est introuvable. (0x3)
[1103/212219.618:ERROR:directory_reader_win.cc(43)] FindFirstFile: Le chemin d’accès spécifié est introuvable. (0x3)
[1103/225639.884:ERROR:directory_reader_win.cc(43)] FindFirstFile: Le chemin d’accès spécifié est introuvable. (0x3)
=======
[1013/125328.409:ERROR:directory_reader_win.cc(43)] FindFirstFile: Le chemin d’accès spécifié est introuvable. (0x3)
[1014/123854.685:ERROR:directory_reader_win.cc(43)] FindFirstFile: Le chemin d’accès spécifié est introuvable. (0x3)
[1014/141706.678:ERROR:filesystem_win.cc(129)] GetFileAttributes C:\Users\nassi\AppData\Local\Google\Chrome\User Data\Crashpad\attachments\3145cbb2-4619-43bf-a431-1a9cb4588701: Le chemin d’accès spécifié est introuvable. (0x3)
[1014/152317.815:ERROR:directory_reader_win.cc(43)] FindFirstFile: Le chemin d’accès spécifié est introuvable. (0x3)
[1014/181641.872:ERROR:directory_reader_win.cc(43)] FindFirstFile: Le chemin d’accès spécifié est introuvable. (0x3)
[1015/125034.093:ERROR:directory_reader_win.cc(43)] FindFirstFile: Le chemin d’accès spécifié est introuvable. (0x3)
[1016/205516.487:ERROR:directory_reader_win.cc(43)] FindFirstFile: Le chemin d’accès spécifié est introuvable. (0x3)
[1016/223314.535:ERROR:directory_reader_win.cc(43)] FindFirstFile: Le chemin d’accès spécifié est introuvable. (0x3)
[1018/171216.601:ERROR:directory_reader_win.cc(43)] FindFirstFile: Le chemin d’accès spécifié est introuvable. (0x3)
[1019/172547.824:ERROR:directory_reader_win.cc(43)] FindFirstFile: Le chemin d’accès spécifié est introuvable. (0x3)
[1022/194034.953:ERROR:directory_reader_win.cc(43)] FindFirstFile: Le chemin d’accès spécifié est introuvable. (0x3)
[1022/210907.581:ERROR:process_info.cc(359)] UncheckedAllocate
[1022/210907.608:ERROR:filesystem_win.cc(129)] GetFileAttributes C:\Users\nassi\AppData\Local\Google\Chrome\User Data\Crashpad\attachments\eb21fb90-6633-456b-a8f1-84fb9c7ca9bc: Le chemin d’accès spécifié est introuvable. (0x3)
[1023/213812.012:ERROR:directory_reader_win.cc(43)] FindFirstFile: Le chemin d’accès spécifié est introuvable. (0x3)
[1024/122820.649:ERROR:directory_reader_win.cc(43)] FindFirstFile: Le chemin d’accès spécifié est introuvable. (0x3)
[1024/210457.102:ERROR:directory_reader_win.cc(43)] FindFirstFile: Le chemin d’accès spécifié est introuvable. (0x3)
[1025/113518.890:ERROR:directory_reader_win.cc(43)] FindFirstFile: Le chemin d’accès spécifié est introuvable. (0x3)
[1025/184544.874:ERROR:directory_reader_win.cc(43)] FindFirstFile: Le chemin d’accès spécifié est introuvable. (0x3)
[1025/214539.616:ERROR:directory_reader_win.cc(43)] FindFirstFile: Le chemin d’accès spécifié est introuvable. (0x3)
[1026/123924.072:ERROR:directory_reader_win.cc(43)] FindFirstFile: Le chemin d’accès spécifié est introuvable. (0x3)
[1026/212928.401:ERROR:directory_reader_win.cc(43)] FindFirstFile: Le chemin d’accès spécifié est introuvable. (0x3)
[1027/220555.634:ERROR:directory_reader_win.cc(43)] FindFirstFile: Le chemin d’accès spécifié est introuvable. (0x3)
[1027/231352.228:ERROR:directory_reader_win.cc(43)] FindFirstFile: Le chemin d’accès spécifié est introuvable. (0x3)
[1028/123148.898:ERROR:directory_reader_win.cc(43)] FindFirstFile: Le chemin d’accès spécifié est introuvable. (0x3)
[1029/145513.983:ERROR:directory_reader_win.cc(43)] FindFirstFile: Le chemin d’accès spécifié est introuvable. (0x3)
[1030/203534.460:ERROR:directory_reader_win.cc(43)] FindFirstFile: Le chemin d’accès spécifié est introuvable. (0x3)
[1031/145042.751:ERROR:directory_reader_win.cc(43)] FindFirstFile: Le chemin d’accès spécifié est introuvable. (0x3)
[1031/231646.548:ERROR:directory_reader_win.cc(43)] FindFirstFile: Le chemin d’accès spécifié est introuvable. (0x3)
[1101/222555.592:ERROR:directory_reader_win.cc(43)] FindFirstFile: Le chemin d’accès spécifié est introuvable. (0x3)
[1102/113842.751:ERROR:directory_reader_win.cc(43)] FindFirstFile: Le chemin d’accès spécifié est introuvable. (0x3)
[1102/145855.116:ERROR:directory_reader_win.cc(43)] FindFirstFile: Le chemin d’accès spécifié est introuvable. (0x3)
[1102/153007.437:ERROR:directory_reader_win.cc(43)] FindFirstFile: Le chemin d’accès spécifié est introuvable. (0x3)
[1102/174943.849:ERROR:directory_reader_win.cc(43)] FindFirstFile: Le chemin d’accès spécifié est introuvable. (0x3)
[1102/181204.805:ERROR:directory_reader_win.cc(43)] FindFirstFile: Le chemin d’accès spécifié est introuvable. (0x3)
[1102/183916.406:ERROR:directory_reader_win.cc(43)] FindFirstFile: Le chemin d’accès spécifié est introuvable. (0x3)
[1102/185102.417:ERROR:directory_reader_win.cc(43)] FindFirstFile: Le chemin d’accès spécifié est introuvable. (0x3)
[1102/193522.610:ERROR:directory_reader_win.cc(43)] FindFirstFile: Le chemin d’accès spécifié est introuvable. (0x3)
[1102/200318.092:ERROR:file_io.cc(90)] ReadExactly: expected 36, observed 0
[1102/202928.824:ERROR:directory_reader_win.cc(43)] FindFirstFile: Le chemin d’accès spécifié est introuvable. (0x3)
[1104/214337.388:ERROR:directory_reader_win.cc(43)] FindFirstFile: Le chemin d’accès spécifié est introuvable. (0x3)
>>>>>>> pipette
[1104/224903.732:ERROR:directory_reader_win.cc(43)] FindFirstFile: Le chemin d’accès spécifié est introuvable. (0x3)
[1104/231556.652:ERROR:directory_reader_win.cc(43)] FindFirstFile: Le chemin d’accès spécifié est introuvable. (0x3)
>>>>>>> rebase
[1105/005208.062:ERROR:directory_reader_win.cc(43)] FindFirstFile: Le chemin d’accès spécifié est introuvable. (0x3)
[1105/125013.833:ERROR:directory_reader_win.cc(43)] FindFirstFile: Le chemin d’accès spécifié est introuvable. (0x3)
[1105/135431.907:ERROR:directory_reader_win.cc(43)] FindFirstFile: Le chemin d’accès spécifié est introuvable. (0x3)
>>>>>>> carousel squash
[1111/121923.298:ERROR:directory_reader_win.cc(43)] FindFirstFile: Le chemin d’accès spécifié est introuvable. (0x3)
[1111/142713.492:ERROR:directory_reader_win.cc(43)] FindFirstFile: Le chemin d’accès spécifié est introuvable. (0x3)
[1123/221824.582:ERROR:directory_reader_win.cc(43)] FindFirstFile: Le chemin d’accès spécifié est introuvable. (0x3)
[1124/123126.421:ERROR:directory_reader_win.cc(43)] FindFirstFile: Le chemin d’accès spécifié est introuvable. (0x3)
[1124/131607.433:ERROR:directory_reader_win.cc(43)] FindFirstFile: Le chemin d’accès spécifié est introuvable. (0x3)
[1124/134107.154:ERROR:directory_reader_win.cc(43)] FindFirstFile: Le chemin d’accès spécifié est introuvable. (0x3)
[1124/141824.443:ERROR:directory_reader_win.cc(43)] FindFirstFile: Le chemin d’accès spécifié est introuvable. (0x3)
[1124/143813.975:ERROR:directory_reader_win.cc(43)] FindFirstFile: Le chemin d’accès spécifié est introuvable. (0x3)
[1124/145316.558:ERROR:directory_reader_win.cc(43)] FindFirstFile: Le chemin d’accès spécifié est introuvable. (0x3)
[1124/165958.319:ERROR:directory_reader_win.cc(43)] FindFirstFile: Le chemin d’accès spécifié est introuvable. (0x3)
[1124/193808.316:ERROR:directory_reader_win.cc(43)] FindFirstFile: Le chemin d’accès spécifié est introuvable. (0x3)
[1124/200537.042:ERROR:directory_reader_win.cc(43)] FindFirstFile: Le chemin d’accès spécifié est introuvable. (0x3)
[1124/205414.947:ERROR:directory_reader_win.cc(43)] FindFirstFile: Le chemin d’accès spécifié est introuvable. (0x3)
